\BOOKMARK [1][-]{section.1}{\376\377\116\373\122\241\213\364\146\016\116\016\133\236\232\214\213\276\177\156}{}% 1
\BOOKMARK [2][-]{subsection.1.1}{\376\377\116\373\122\241\143\317\217\360}{section.1}% 2
\BOOKMARK [1][-]{section.2}{\376\377\117\040\176\337\147\072\126\150\133\146\116\140\145\271\154\325\133\236\232\214\176\323\147\234}{}% 3
\BOOKMARK [1][-]{section.3}{\376\377\145\271\154\325\213\272\116\016\174\373\176\337\213\276\213\241}{}% 4
\BOOKMARK [2][-]{subsection.3.1}{\376\377\140\073\117\123\213\276\213\241\140\035\215\357}{section.3}% 5
\BOOKMARK [2][-]{subsection.3.2}{\376\377\121\163\154\350\135\356\137\002\160\271}{section.3}% 6
\BOOKMARK [3][-]{subsubsection.3.2.1}{\376\377\000S\000E\000\040\154\350\141\017\122\233\147\072\122\066}{subsection.3.2}% 7
\BOOKMARK [3][-]{subsubsection.3.2.2}{\376\377\127\120\150\007\154\350\141\017\122\233\147\072\122\066}{subsection.3.2}% 8
\BOOKMARK [3][-]{subsubsection.3.2.3}{\376\377\116\044\171\315\154\350\141\017\122\233\147\072\122\066\166\204\133\371\153\324\140\073\176\323}{subsection.3.2}% 9
\BOOKMARK [3][-]{subsubsection.3.2.4}{\376\377\136\177\116\111\136\163\127\107\154\140\123\026}{subsection.3.2}% 10
\BOOKMARK [2][-]{subsection.3.3}{\376\377\137\375\165\145\126\152\130\360}{section.3}% 11
\BOOKMARK [2][-]{subsection.3.4}{\376\377\226\062\153\142\217\307\142\337\124\010}{section.3}% 12
\BOOKMARK [1][-]{section.4}{\376\377\155\361\136\246\133\146\116\140\145\271\154\325\133\236\232\214\176\323\147\234}{}% 13
\BOOKMARK [2][-]{subsection.4.1}{\376\377\116\073\211\201\176\323\147\234\116\016\155\210\207\215\133\236\232\214}{section.4}% 14
\BOOKMARK [2][-]{subsection.4.2}{\376\377\176\323\147\234\122\006\147\220\377\032\232\214\213\301\213\276\213\241\140\035\215\357}{section.4}% 15
\BOOKMARK [3][-]{subsubsection.4.2.1}{\376\377\154\350\141\017\122\233\147\072\122\066\166\204\117\134\165\050\122\006\147\220}{subsection.4.2}% 16
\BOOKMARK [3][-]{subsubsection.4.2.2}{\376\377\123\273\126\152\116\016\200\132\161\046\200\375\122\233\166\204\232\214\213\301}{subsection.4.2}% 17
\BOOKMARK [3][-]{subsubsection.4.2.3}{\376\377\142\227\217\307\142\337\124\010\173\126\165\145\166\204\137\305\211\201\140\047}{subsection.4.2}% 18
\BOOKMARK [1][-]{section.5}{\376\377\140\073\176\323}{}% 19
\BOOKMARK [1][-]{section.6}{\376\377\226\104\137\125\377\032\230\171\166\356\176\323\147\204}{}% 20
